\BOOKMARK [1][-]{section.1}{SeqFISH data : properties and challenges}{}% 1
\BOOKMARK [2][-]{subsection.1.1}{Introduction}{section.1}% 2
\BOOKMARK [2][-]{subsection.1.2}{Automated processing of seqFISH data is required}{section.1}% 3
\BOOKMARK [2][-]{subsection.1.3}{Current state of the art}{section.1}% 4
\BOOKMARK [1][-]{section.2}{Detection and counting of RNA molecules}{}% 5
\BOOKMARK [2][-]{subsection.2.1}{Choice of the method}{section.2}% 6
\BOOKMARK [2][-]{subsection.2.2}{H-dome based spot detection}{section.2}% 7
\BOOKMARK [3][-]{subsubsection.2.2.1}{LoG filter}{subsection.2.2}% 8
\BOOKMARK [3][-]{subsubsection.2.2.2}{H-dome transformation}{subsection.2.2}% 9
\BOOKMARK [3][-]{subsubsection.2.2.3}{Pixel sampling and aggregation}{subsection.2.2}% 10
\BOOKMARK [3][-]{subsubsection.2.2.4}{Pixel clusters filtering}{subsection.2.2}% 11
\BOOKMARK [3][-]{subsubsection.2.2.5}{Parameters of the HD approach}{subsection.2.2}% 12
\BOOKMARK [2][-]{subsection.2.3}{Multiscale spot detection}{section.2}% 13
\BOOKMARK [3][-]{subsubsection.2.3.1}{Multiscale Hessian matrix determinant computation}{subsection.2.3}% 14
\BOOKMARK [3][-]{subsubsection.2.3.2}{Automated thresholding and spot extraction}{subsection.2.3}% 15
\BOOKMARK [3][-]{subsubsection.2.3.3}{Parameters of the Multiscale approach}{subsection.2.3}% 16
\BOOKMARK [2][-]{subsection.2.4}{Removing non specific spots}{section.2}% 17
\BOOKMARK [2][-]{subsection.2.5}{Quality Control of the spots}{section.2}% 18
\BOOKMARK [1][-]{section.3}{Cell segmentation}{}% 19
\BOOKMARK [2][-]{subsection.3.1}{Limitations of current cell segmentation methods}{section.3}% 20
\BOOKMARK [2][-]{subsection.3.2}{RNA spots based segmentation}{section.3}% 21
\BOOKMARK [3][-]{subsubsection.3.2.1}{Principles}{subsection.3.2}% 22
\BOOKMARK [3][-]{subsubsection.3.2.2}{Spectral clustering of the RNA spots}{subsection.3.2}% 23
\BOOKMARK [3][-]{subsubsection.3.2.3}{Aggregation of spot clusters}{subsection.3.2}% 24
\BOOKMARK [3][-]{subsubsection.3.2.4}{Final cell shape estimation}{subsection.3.2}% 25
\BOOKMARK [3][-]{subsubsection.3.2.5}{Removing cell overlaps}{subsection.3.2}% 26
\BOOKMARK [1][-]{section.4}{Image alignment and stitching}{}% 27
\BOOKMARK [2][-]{subsection.4.1}{Requirement of Image alignment and stitching for seqFISH data processing and analysis}{section.4}% 28
\BOOKMARK [2][-]{subsection.4.2}{Image registration using phase correlation method}{section.4}% 29
\BOOKMARK [2][-]{subsection.4.3}{Computation of the cumulative stitching vectors }{section.4}% 30
